2020.04.12 12:00:14.298 INFO  SystemLogic.MainSystem - new league: Alufut were added.
2020.04.12 12:00:14.314 INFO  SystemLogic.MainSystem - r1: referee's details were updated.
2020.04.12 12:41:41.752 INFO  SystemLogic.MainSystem - new league: Alufut were added.
2020.04.12 12:41:41.795 INFO  SystemLogic.MainSystem - Teams were added to season: 2020
2020.04.12 12:41:41.796 INFO  SystemLogic.MainSystem - Associations Representatives were added to season: 2020
2020.04.12 12:41:41.813 INFO  SystemLogic.MainSystem - r1: referee's details were updated.
2020.04.12 12:42:12.836 INFO  SystemLogic.MainSystem - new league: Alufut were added.
2020.04.12 12:42:12.847 INFO  SystemLogic.MainSystem - Teams were added to season: 2020
2020.04.12 12:42:12.848 INFO  SystemLogic.MainSystem - Associations Representatives were added to season: 2020
2020.04.12 12:42:12.869 INFO  SystemLogic.MainSystem - r1: referee's details were updated.
2020.04.12 12:59:47.114 INFO  SystemLogic.MainSystem - Special password changed at 
2020.04.12 13:00:37.384 INFO  SystemLogic.MainSystem - Special password changed at 
2020.04.12 13:23:37.920 INFO  SystemLogic.MainSystem - Special password changed at 
2020.04.12 13:23:37.926 INFO  SystemLogic.MainSystem - A new user Kroi was signed up successfully
2020.04.12 13:23:37.927 INFO  SystemLogic.MainSystem - Kroi was logged in successfully
2020.04.12 13:23:37.933 INFO  SystemLogic.MainSystem - new league: Alufut were added.
2020.04.12 13:23:37.936 INFO  SystemLogic.MainSystem - Teams were added to season: 2020
2020.04.12 13:23:37.936 INFO  SystemLogic.MainSystem - Associations Representatives were added to season: 2020
2020.04.12 13:23:37.956 INFO  SystemLogic.MainSystem - r1: referee's details were updated.
2020.04.12 13:24:09.965 INFO  SystemLogic.MainSystem - A new user Kroi was signed up successfully
2020.04.12 13:24:09.971 INFO  SystemLogic.MainSystem - Kroi was logged in successfully
2020.04.12 13:24:09.970 INFO  SystemLogic.MainSystem - Special password changed at 
2020.04.12 13:24:09.979 INFO  SystemLogic.MainSystem - new league: Alufut were added.
2020.04.12 13:24:09.982 INFO  SystemLogic.MainSystem - Teams were added to season: 2020
2020.04.12 13:24:09.983 INFO  SystemLogic.MainSystem - Associations Representatives were added to season: 2020
2020.04.12 13:24:09.992 INFO  SystemLogic.MainSystem - r1: referee's details were updated.
2020.04.12 13:37:01.480 INFO  SystemLogic.MainSystem - A new user Kroi was signed up successfully
2020.04.12 13:37:01.480 INFO  SystemLogic.MainSystem - Special password changed at 
2020.04.12 13:37:01.485 INFO  SystemLogic.MainSystem - Kroi was logged in successfully
2020.04.12 13:37:01.494 INFO  SystemLogic.MainSystem - new league: Alufut were added.
2020.04.12 13:37:01.497 INFO  SystemLogic.MainSystem - Teams were added to season: 2020
2020.04.12 13:37:01.498 INFO  SystemLogic.MainSystem - Associations Representatives were added to season: 2020
2020.04.12 13:37:01.512 INFO  SystemLogic.MainSystem - r1: referee's details were updated.
2020.04.12 13:38:11.288 INFO  SystemLogic.MainSystem - A new user Kroi was signed up successfully
2020.04.12 13:38:11.287 INFO  SystemLogic.MainSystem - Special password changed at 
2020.04.12 13:38:11.291 INFO  SystemLogic.MainSystem - Kroi was logged in successfully
2020.04.12 13:38:11.299 INFO  SystemLogic.MainSystem - new league: Alufut were added.
2020.04.12 13:38:11.302 INFO  SystemLogic.MainSystem - Teams were added to season: 2020
2020.04.12 13:38:11.303 INFO  SystemLogic.MainSystem - Associations Representatives were added to season: 2020
2020.04.12 13:38:11.316 INFO  SystemLogic.MainSystem - r1: referee's details were updated.
2020.04.12 13:38:32.720 INFO  SystemLogic.MainSystem - Special password changed at 
2020.04.12 13:38:32.720 INFO  SystemLogic.MainSystem - A new user Kroi was signed up successfully
2020.04.12 13:38:32.724 INFO  SystemLogic.MainSystem - Kroi was logged in successfully
2020.04.12 13:38:32.732 INFO  SystemLogic.MainSystem - new league: Alufut were added.
2020.04.12 13:38:32.735 INFO  SystemLogic.MainSystem - Teams were added to season: 2020
2020.04.12 13:38:32.736 INFO  SystemLogic.MainSystem - Associations Representatives were added to season: 2020
2020.04.12 13:38:32.747 INFO  SystemLogic.MainSystem - r1: referee's details were updated.
2020.04.12 13:43:47.345 INFO  SystemLogic.MainSystem - Special password changed at 
2020.04.12 13:43:47.345 INFO  SystemLogic.MainSystem - A new user Kroi was signed up successfully
2020.04.12 13:43:47.351 INFO  SystemLogic.MainSystem - Kroi was logged in successfully
2020.04.12 13:43:47.362 INFO  SystemLogic.MainSystem - new league: Alufut were added.
2020.04.12 13:43:47.365 INFO  SystemLogic.MainSystem - Teams were added to season: 2020
2020.04.12 13:43:47.366 INFO  SystemLogic.MainSystem - Associations Representatives were added to season: 2020
2020.04.12 13:43:47.394 INFO  SystemLogic.MainSystem - r1: referee's details were updated.
2020.04.12 13:44:02.030 INFO  SystemLogic.MainSystem - Special password changed at 
2020.04.12 13:44:02.032 INFO  SystemLogic.MainSystem - A new user Kroi was signed up successfully
2020.04.12 13:44:02.037 INFO  SystemLogic.MainSystem - Kroi was logged in successfully
2020.04.12 13:44:02.047 INFO  SystemLogic.MainSystem - new league: Alufut were added.
2020.04.12 13:44:02.051 INFO  SystemLogic.MainSystem - Teams were added to season: 2020
2020.04.12 13:44:02.052 INFO  SystemLogic.MainSystem - Associations Representatives were added to season: 2020
2020.04.12 13:44:02.068 INFO  SystemLogic.MainSystem - r1: referee's details were updated.
2020.04.12 13:45:52.815 INFO  SystemLogic.MainSystem - Special password changed at 
2020.04.12 13:45:52.833 INFO  SystemLogic.MainSystem - A new user Kroi was signed up successfully
2020.04.12 13:45:52.834 INFO  SystemLogic.MainSystem - Kroi was logged in successfully
2020.04.12 13:46:26.793 INFO  SystemLogic.MainSystem - Special password changed at 
2020.04.12 13:46:26.819 INFO  SystemLogic.MainSystem - A new user Kroi was signed up successfully
2020.04.12 13:46:26.820 INFO  SystemLogic.MainSystem - Kroi was logged in successfully
2020.04.12 13:47:48.260 INFO  SystemLogic.MainSystem - Special password changed at 
2020.04.12 13:47:48.327 INFO  SystemLogic.MainSystem - A new user Kroi was signed up successfully
2020.04.12 13:47:48.328 INFO  SystemLogic.MainSystem - Kroi was logged in successfully
2020.04.12 13:48:38.681 INFO  SystemLogic.MainSystem - Special password changed at 
2020.04.12 13:48:38.701 INFO  SystemLogic.MainSystem - A new user Kroi was signed up successfully
2020.04.12 13:48:38.702 INFO  SystemLogic.MainSystem - Kroi was logged in successfully
2020.04.12 13:52:57.491 INFO  SystemLogic.MainSystem - Special password changed at 
2020.04.12 13:52:57.492 INFO  SystemLogic.MainSystem - A new user Kroi was signed up successfully
2020.04.12 13:52:57.497 INFO  SystemLogic.MainSystem - Kroi was logged in successfully
2020.04.12 13:52:57.498 INFO  SystemLogic.MainSystem - Kroi was logged in successfully
2020.04.12 16:29:19.868 INFO  SystemLogic.MainSystem - Special password changed at 
2020.04.12 16:29:19.868 INFO  SystemLogic.MainSystem - new league: Alufut were added.
2020.04.12 16:29:19.874 INFO  SystemLogic.MainSystem - new season: 2020 was added to league: Alufut.
2020.04.12 16:29:19.875 INFO  SystemLogic.MainSystem - Teams were added to league: Alufut, season: 2020
2020.04.12 16:29:19.875 INFO  SystemLogic.MainSystem - Referees were added to league: Alufut, season: 2020
2020.04.12 16:29:19.875 INFO  SystemLogic.MainSystem - Associations Representatives were added to league: Alufut, season: 2020
2020.04.12 16:39:53.252 INFO  SystemLogic.MainSystem - new league: Alufut were added.
2020.04.12 16:39:53.252 INFO  SystemLogic.MainSystem - Special password changed at 
2020.04.12 16:39:53.273 INFO  SystemLogic.MainSystem - new season: 2020 was added to league: Alufut.
2020.04.12 16:39:53.274 INFO  SystemLogic.MainSystem - Teams were added to league: Alufut, season: 2020
2020.04.12 16:39:53.275 INFO  SystemLogic.MainSystem - Referees were added to league: Alufut, season: 2020
2020.04.12 16:39:53.276 INFO  SystemLogic.MainSystem - Associations Representatives were added to league: Alufut, season: 2020
2020.04.12 16:40:19.646 INFO  SystemLogic.MainSystem - Special password changed at 
2020.04.12 16:40:19.646 INFO  SystemLogic.MainSystem - new league: Alufut were added.
2020.04.12 16:40:19.653 INFO  SystemLogic.MainSystem - new season: 2020 was added to league: Alufut.
2020.04.12 16:40:19.653 INFO  SystemLogic.MainSystem - Teams were added to league: Alufut, season: 2020
2020.04.12 16:40:19.654 INFO  SystemLogic.MainSystem - Referees were added to league: Alufut, season: 2020
2020.04.12 16:40:19.655 INFO  SystemLogic.MainSystem - Associations Representatives were added to league: Alufut, season: 2020
2020.04.12 16:40:29.300 INFO  SystemLogic.MainSystem - Special password changed at 
2020.04.12 16:42:07.976 INFO  SystemLogic.MainSystem - Special password changed at 
2020.04.12 16:46:53.412 INFO  SystemLogic.MainSystem - Special password changed at 
2020.04.12 16:47:07.818 INFO  SystemLogic.MainSystem - Special password changed at 
2020.04.12 16:50:32.891 INFO  SystemLogic.MainSystem - Special password changed at 
2020.04.13 18:22:37.465 INFO  SystemLogic.MainSystem - Special password changed at 
2020.04.13 18:22:37.483 INFO  SystemLogic.MainSystem - A new user Kroi was signed up successfully
2020.04.13 18:22:37.484 INFO  SystemLogic.MainSystem - Kroi was logged in successfully
2020.04.13 18:56:56.092 INFO  SystemLogic.MainSystem - A new user Kroi was signed up successfully
2020.04.13 18:56:56.116 INFO  SystemLogic.MainSystem - new league: Alufut were added.
2020.04.13 18:56:56.117 INFO  SystemLogic.MainSystem - new season: 2020 was added to league: Alufut.
2020.04.13 18:56:56.118 INFO  SystemLogic.MainSystem - Teams were added to league: Alufut, season: 2020
2020.04.13 18:56:56.119 INFO  SystemLogic.MainSystem - Referees were added to league: Alufut, season: 2020
2020.04.13 18:56:56.121 INFO  SystemLogic.MainSystem - Associations Representatives were added to league: Alufut, season: 2020
2020.04.13 18:56:56.206 INFO  SystemLogic.MainSystem - The coach pep guardiola create personal page
2020.04.13 18:56:56.207 INFO  SystemLogic.MainSystem - The coach pep guardiola create personal page
2020.04.13 18:56:56.210 INFO  SystemLogic.MainSystem - The coach pep guardiola create personal page
2020.04.13 18:56:56.219 INFO  SystemLogic.MainSystem - r1: referee's details were updated.
2020.04.13 18:56:56.222 INFO  SystemLogic.MainSystem - Special password changed at 
2020.04.13 18:57:59.254 INFO  SystemLogic.MainSystem - A new user Kroi was signed up successfully
2020.04.13 18:57:59.254 INFO  SystemLogic.MainSystem - Special password changed at 
2020.04.13 18:57:59.269 INFO  SystemLogic.MainSystem - new league: Alufut were added.
2020.04.13 18:57:59.270 INFO  SystemLogic.MainSystem - new season: 2020 was added to league: Alufut.
2020.04.13 18:57:59.271 INFO  SystemLogic.MainSystem - Teams were added to league: Alufut, season: 2020
2020.04.13 18:57:59.271 INFO  SystemLogic.MainSystem - Referees were added to league: Alufut, season: 2020
2020.04.13 18:57:59.272 INFO  SystemLogic.MainSystem - Associations Representatives were added to league: Alufut, season: 2020
2020.04.13 18:57:59.279 INFO  SystemLogic.MainSystem - The coach pep guardiola create personal page
2020.04.13 18:57:59.280 INFO  SystemLogic.MainSystem - The coach pep guardiola create personal page
2020.04.13 18:57:59.281 INFO  SystemLogic.MainSystem - The coach pep guardiola create personal page
2020.04.13 18:57:59.284 INFO  SystemLogic.MainSystem - r1: referee's details were updated.
2020.04.13 19:02:08.066 INFO  SystemLogic.MainSystem - Special password changed at 
2020.04.13 19:02:08.066 INFO  SystemLogic.MainSystem - A new user Kroi was signed up successfully
2020.04.13 20:12:51.852 INFO  SystemLogic.MainSystem - Special password changed at 
2020.04.13 20:12:51.850 INFO  SystemLogic.MainSystem - A new user Kroi was signed up successfully
2020.04.13 20:13:07.989 INFO  SystemLogic.MainSystem - Special password changed at 
2020.04.13 20:13:07.989 INFO  SystemLogic.MainSystem - A new user Kroi was signed up successfully
2020.04.13 20:13:28.419 INFO  SystemLogic.MainSystem - Special password changed at 
2020.04.13 20:13:28.420 INFO  SystemLogic.MainSystem - A new user Kroi was signed up successfully
2020.04.13 20:14:08.864 INFO  SystemLogic.MainSystem - Special password changed at 
2020.04.13 20:14:08.868 INFO  SystemLogic.MainSystem - A new user Kroi was signed up successfully
2020.04.13 20:15:06.352 INFO  SystemLogic.MainSystem - new league: Alufut were added.
2020.04.13 20:15:06.354 INFO  SystemLogic.MainSystem - new season: 2020 was added to league: Alufut.
2020.04.13 20:15:06.354 INFO  SystemLogic.MainSystem - Teams were added to league: Alufut, season: 2020
2020.04.13 20:15:06.355 INFO  SystemLogic.MainSystem - Referees were added to league: Alufut, season: 2020
2020.04.13 20:15:06.356 INFO  SystemLogic.MainSystem - Associations Representatives were added to league: Alufut, season: 2020
2020.04.13 20:15:06.813 INFO  SystemLogic.MainSystem - The coach pep guardiola create personal page
2020.04.13 20:15:06.817 INFO  SystemLogic.MainSystem - The coach pep guardiola create personal page
2020.04.13 20:15:06.823 INFO  SystemLogic.MainSystem - The coach pep guardiola create personal page
2020.04.13 20:15:07.226 INFO  SystemLogic.MainSystem - r1: referee's details were updated.
2020.04.13 20:15:33.572 INFO  SystemLogic.MainSystem - A new user Kroi was signed up successfully
2020.04.13 20:15:33.572 INFO  SystemLogic.MainSystem - Special password changed at 
2020.04.13 20:15:33.600 INFO  SystemLogic.MainSystem - new league: Alufut were added.
2020.04.13 20:15:33.601 INFO  SystemLogic.MainSystem - new season: 2020 was added to league: Alufut.
2020.04.13 20:15:33.601 INFO  SystemLogic.MainSystem - Teams were added to league: Alufut, season: 2020
2020.04.13 20:15:33.603 INFO  SystemLogic.MainSystem - Referees were added to league: Alufut, season: 2020
2020.04.13 20:15:33.603 INFO  SystemLogic.MainSystem - Associations Representatives were added to league: Alufut, season: 2020
2020.04.13 20:15:33.615 INFO  SystemLogic.MainSystem - The coach pep guardiola create personal page
2020.04.13 20:15:33.617 INFO  SystemLogic.MainSystem - The coach pep guardiola create personal page
2020.04.13 20:15:33.620 INFO  SystemLogic.MainSystem - The coach pep guardiola create personal page
2020.04.13 20:15:33.625 INFO  SystemLogic.MainSystem - r1: referee's details were updated.
2020.04.13 20:15:52.398 INFO  SystemLogic.MainSystem - A new user Kroi was signed up successfully
2020.04.13 20:15:52.398 INFO  SystemLogic.MainSystem - Special password changed at 
2020.04.13 20:16:43.099 INFO  SystemLogic.MainSystem - new league: Alufut were added.
2020.04.13 20:16:43.100 INFO  SystemLogic.MainSystem - new season: 2020 was added to league: Alufut.
2020.04.13 20:16:43.100 INFO  SystemLogic.MainSystem - Teams were added to league: Alufut, season: 2020
2020.04.13 20:16:43.101 INFO  SystemLogic.MainSystem - Referees were added to league: Alufut, season: 2020
2020.04.13 20:16:43.101 INFO  SystemLogic.MainSystem - Associations Representatives were added to league: Alufut, season: 2020
2020.04.13 20:16:43.109 INFO  SystemLogic.MainSystem - The coach pep guardiola create personal page
2020.04.13 20:16:43.110 INFO  SystemLogic.MainSystem - The coach pep guardiola create personal page
2020.04.13 20:16:43.111 INFO  SystemLogic.MainSystem - The coach pep guardiola create personal page
2020.04.13 20:16:43.115 INFO  SystemLogic.MainSystem - r1: referee's details were updated.
2020.04.13 20:17:12.075 INFO  SystemLogic.MainSystem - A new user Kroi was signed up successfully
2020.04.13 20:17:12.075 INFO  SystemLogic.MainSystem - Special password changed at 
2020.04.13 20:17:25.296 INFO  SystemLogic.MainSystem - new league: Alufut were added.
2020.04.13 20:17:25.297 INFO  SystemLogic.MainSystem - new season: 2020 was added to league: Alufut.
2020.04.13 20:17:25.297 INFO  SystemLogic.MainSystem - Teams were added to league: Alufut, season: 2020
2020.04.13 20:17:25.298 INFO  SystemLogic.MainSystem - Referees were added to league: Alufut, season: 2020
2020.04.13 20:17:25.298 INFO  SystemLogic.MainSystem - Associations Representatives were added to league: Alufut, season: 2020
2020.04.13 20:17:25.307 INFO  SystemLogic.MainSystem - The coach pep guardiola create personal page
2020.04.13 20:17:25.308 INFO  SystemLogic.MainSystem - The coach pep guardiola create personal page
2020.04.13 20:17:25.309 INFO  SystemLogic.MainSystem - The coach pep guardiola create personal page
2020.04.13 20:17:25.312 INFO  SystemLogic.MainSystem - r1: referee's details were updated.
2020.04.13 20:19:12.463 INFO  SystemLogic.MainSystem - Special password changed at 
2020.04.13 20:19:17.959 INFO  SystemLogic.MainSystem - A new user Kroi was signed up successfully
2020.04.13 20:19:27.032 INFO  SystemLogic.MainSystem - new league: Alufut were added.
2020.04.13 20:19:27.033 INFO  SystemLogic.MainSystem - new season: 2020 was added to league: Alufut.
2020.04.13 20:19:27.033 INFO  SystemLogic.MainSystem - Teams were added to league: Alufut, season: 2020
2020.04.13 20:19:27.034 INFO  SystemLogic.MainSystem - Referees were added to league: Alufut, season: 2020
2020.04.13 20:19:27.034 INFO  SystemLogic.MainSystem - Associations Representatives were added to league: Alufut, season: 2020
2020.04.13 20:19:27.042 INFO  SystemLogic.MainSystem - The coach pep guardiola create personal page
2020.04.13 20:19:27.043 INFO  SystemLogic.MainSystem - The coach pep guardiola create personal page
2020.04.13 20:19:27.044 INFO  SystemLogic.MainSystem - The coach pep guardiola create personal page
2020.04.13 20:19:27.048 INFO  SystemLogic.MainSystem - r1: referee's details were updated.
2020.04.13 20:19:40.888 INFO  SystemLogic.MainSystem - A new user Kroi was signed up successfully
2020.04.13 20:19:40.888 INFO  SystemLogic.MainSystem - Special password changed at 
2020.04.13 20:19:40.892 INFO  SystemLogic.MainSystem - Kroi was logged in successfully
2020.04.13 20:19:40.902 INFO  SystemLogic.MainSystem - Kroi was logged in successfully
2020.04.13 20:19:40.908 INFO  SystemLogic.MainSystem - new league: Alufut were added.
2020.04.13 20:19:40.908 INFO  SystemLogic.MainSystem - new season: 2020 was added to league: Alufut.
2020.04.13 20:19:40.909 INFO  SystemLogic.MainSystem - Teams were added to league: Alufut, season: 2020
2020.04.13 20:19:40.909 INFO  SystemLogic.MainSystem - Referees were added to league: Alufut, season: 2020
2020.04.13 20:19:40.910 INFO  SystemLogic.MainSystem - Associations Representatives were added to league: Alufut, season: 2020
2020.04.13 20:19:40.916 INFO  SystemLogic.MainSystem - The coach pep guardiola create personal page
2020.04.13 20:19:40.917 INFO  SystemLogic.MainSystem - The coach pep guardiola create personal page
2020.04.13 20:19:40.918 INFO  SystemLogic.MainSystem - The coach pep guardiola create personal page
2020.04.13 20:19:40.922 INFO  SystemLogic.MainSystem - r1: referee's details were updated.
2020.04.13 20:19:54.977 INFO  SystemLogic.MainSystem - Special password changed at 
2020.04.13 20:19:54.980 INFO  SystemLogic.MainSystem - A new user Kroi was signed up successfully
2020.04.13 20:19:54.984 INFO  SystemLogic.MainSystem - Kroi was logged in successfully
2020.04.13 20:21:17.302 INFO  SystemLogic.MainSystem - Special password changed at 
2020.04.13 20:21:17.302 INFO  SystemLogic.MainSystem - A new user Kroi was signed up successfully
2020.04.13 20:21:17.308 INFO  SystemLogic.MainSystem - Kroi was logged in successfully
2020.04.13 20:23:38.312 INFO  SystemLogic.MainSystem - A new user Kroi was signed up successfully
2020.04.13 20:23:38.312 INFO  SystemLogic.MainSystem - Special password changed at 
2020.04.13 20:23:38.316 INFO  SystemLogic.MainSystem - Kroi was logged in successfully
2020.04.13 20:23:38.316 INFO  SystemLogic.MainSystem - A new user carlo was signed up successfully
2020.04.13 20:29:25.181 INFO  SystemLogic.MainSystem - A new user Kroi was signed up successfully
2020.04.13 20:29:25.181 INFO  SystemLogic.MainSystem - Special password changed at 
2020.04.13 20:29:25.189 INFO  SystemLogic.MainSystem - Kroi was logged in successfully
2020.04.13 20:29:25.189 INFO  SystemLogic.MainSystem - A new user carlo was signed up successfully
2020.04.13 20:29:25.189 INFO  SystemLogic.MainSystem - Kroi was logged in successfully
2020.04.13 20:29:25.191 INFO  SystemLogic.MainSystem - carlo was logged in successfully
2020.04.13 20:29:25.204 INFO  SystemLogic.MainSystem - new league: Alufut were added.
2020.04.13 20:29:25.205 INFO  SystemLogic.MainSystem - new season: 2020 was added to league: Alufut.
2020.04.13 20:29:25.205 INFO  SystemLogic.MainSystem - Teams were added to league: Alufut, season: 2020
2020.04.13 20:29:25.206 INFO  SystemLogic.MainSystem - Referees were added to league: Alufut, season: 2020
2020.04.13 20:29:25.207 INFO  SystemLogic.MainSystem - Associations Representatives were added to league: Alufut, season: 2020
2020.04.13 20:29:25.218 INFO  SystemLogic.MainSystem - The coach pep guardiola create personal page
2020.04.13 20:29:25.219 INFO  SystemLogic.MainSystem - The coach pep guardiola create personal page
2020.04.13 20:29:25.221 INFO  SystemLogic.MainSystem - The coach pep guardiola create personal page
2020.04.13 20:29:25.226 INFO  SystemLogic.MainSystem - r1: referee's details were updated.
2020.04.13 20:29:36.635 INFO  SystemLogic.MainSystem - Special password changed at 
2020.04.13 20:29:36.635 INFO  SystemLogic.MainSystem - A new user Kroi was signed up successfully
2020.04.13 20:29:36.640 INFO  SystemLogic.MainSystem - Kroi was logged in successfully
2020.04.13 20:29:36.640 INFO  SystemLogic.MainSystem - A new user carlo was signed up successfully
2020.04.13 20:29:36.640 INFO  SystemLogic.MainSystem - Kroi was logged in successfully
2020.04.13 20:29:36.641 INFO  SystemLogic.MainSystem - carlo was logged in successfully
2020.04.13 20:29:36.650 INFO  SystemLogic.MainSystem - new league: Alufut were added.
2020.04.13 20:29:36.651 INFO  SystemLogic.MainSystem - new season: 2020 was added to league: Alufut.
2020.04.13 20:29:36.651 INFO  SystemLogic.MainSystem - Teams were added to league: Alufut, season: 2020
2020.04.13 20:29:36.651 INFO  SystemLogic.MainSystem - Referees were added to league: Alufut, season: 2020
2020.04.13 20:29:36.652 INFO  SystemLogic.MainSystem - Associations Representatives were added to league: Alufut, season: 2020
2020.04.13 20:29:36.658 INFO  SystemLogic.MainSystem - The coach pep guardiola create personal page
2020.04.13 20:29:36.658 INFO  SystemLogic.MainSystem - The coach pep guardiola create personal page
2020.04.13 20:29:36.660 INFO  SystemLogic.MainSystem - The coach pep guardiola create personal page
2020.04.13 20:29:36.662 INFO  SystemLogic.MainSystem - r1: referee's details were updated.
2020.04.13 20:32:44.021 INFO  SystemLogic.MainSystem - Special password changed at 
2020.04.16 19:48:36.277 INFO  SystemLogic.MainSystem - The coach pep guardiola create personal page
2020.04.17 18:59:31.825 INFO  SystemLogic.MainSystem - the player ver was added successfully to the team hapoel tel aviv
2020.04.17 18:59:31.831 INFO  SystemLogic.MainSystem - the player ez7 was added successfully to the team hapoel tel aviv
2020.04.17 18:59:31.831 INFO  SystemLogic.MainSystem - the player ez7 was added successfully to the team maccabi tel aviv
2020.04.17 19:18:06.618 INFO  SystemLogic.MainSystem - the player ver was added successfully to the team hapoel tel aviv
2020.04.17 19:18:06.625 INFO  SystemLogic.MainSystem - the player ez7 was added successfully to the team hapoel tel aviv
2020.04.17 19:18:06.625 INFO  SystemLogic.MainSystem - the player ez7 was removed successfully from the team hapoel tel aviv
2020.04.17 19:18:06.626 INFO  SystemLogic.MainSystem - the player ez7 was added successfully to the team maccabi tel aviv
2020.04.17 19:19:22.023 INFO  SystemLogic.MainSystem - the player ver was added successfully to the team hapoel tel aviv
2020.04.17 19:19:22.027 INFO  SystemLogic.MainSystem - the player ez7 was added successfully to the team hapoel tel aviv
2020.04.17 19:19:22.027 INFO  SystemLogic.MainSystem - the player ez7 was removed successfully from the team hapoel tel aviv
2020.04.17 19:19:22.028 INFO  SystemLogic.MainSystem - the player ez7 was added successfully to the team maccabi tel aviv
2020.04.17 19:19:37.624 INFO  SystemLogic.MainSystem - the player ver was added successfully to the team hapoel tel aviv
2020.04.17 19:19:37.629 INFO  SystemLogic.MainSystem - the player ez7 was added successfully to the team hapoel tel aviv
2020.04.17 19:19:37.630 INFO  SystemLogic.MainSystem - the player ez7 was removed successfully from the team hapoel tel aviv
2020.04.17 19:19:37.630 INFO  SystemLogic.MainSystem - the player ez7 was added successfully to the team maccabi tel aviv
2020.04.17 19:25:10.230 INFO  SystemLogic.MainSystem - the player ver was added successfully to the team hapoel tel aviv
2020.04.17 19:25:10.236 INFO  SystemLogic.MainSystem - the player ez7 was removed successfully from the team hapoel tel aviv
2020.04.17 19:26:28.552 INFO  SystemLogic.MainSystem - the player ver was added successfully to the team hapoel tel aviv
2020.04.17 19:26:28.555 INFO  SystemLogic.MainSystem - the player ver was removed successfully from the team hapoel tel aviv
2020.04.17 19:27:02.939 INFO  SystemLogic.MainSystem - the player ver was added successfully to the team hapoel tel aviv
2020.04.17 19:27:02.948 INFO  SystemLogic.MainSystem - the player ver was removed successfully from the team hapoel tel aviv
2020.04.17 19:57:30.257 INFO  SystemLogic.MainSystem - the coach kling was added successfully to the team hapoel tel aviv
2020.04.17 19:57:56.782 INFO  SystemLogic.MainSystem - the coach kling was added successfully to the team hapoel tel aviv
2020.04.17 20:00:22.802 INFO  SystemLogic.MainSystem - the coach kling was added successfully to the team hapoel tel aviv
2020.04.17 20:00:22.806 INFO  SystemLogic.MainSystem - the coach kling was removed successfully to the team hapoel tel aviv
2020.04.17 20:00:22.808 INFO  SystemLogic.MainSystem - the coach kling was added successfully to the team maccabi tel aviv
2020.04.17 20:01:23.423 INFO  SystemLogic.MainSystem - the coach kling was added successfully to the team hapoel tel aviv
2020.04.17 20:01:23.426 INFO  SystemLogic.MainSystem - the coach kling was removed successfully to the team hapoel tel aviv
2020.04.17 20:01:47.475 INFO  SystemLogic.MainSystem - the coach kling was added successfully to the team hapoel tel aviv
2020.04.17 20:01:47.478 INFO  SystemLogic.MainSystem - the coach kling was removed successfully to the team hapoel tel aviv
2020.04.17 21:01:32.629 INFO  SystemLogic.MainSystem - the manager aa was added successfully to the team hapoel tel aviv
2020.04.17 21:02:17.865 INFO  SystemLogic.MainSystem - the manager aa was added successfully to the team hapoel tel aviv
2020.04.17 21:02:17.872 INFO  SystemLogic.MainSystem - the manager aa was removed successfully to the team hapoel tel aviv
2020.04.17 21:03:57.657 INFO  SystemLogic.MainSystem - the team owner rerere was added successfully to the team hapoel tel aviv
2020.04.17 21:05:30.787 INFO  SystemLogic.MainSystem - the team owner rerere was added successfully to the team hapoel tel aviv
2020.04.17 21:05:30.790 INFO  SystemLogic.MainSystem - the team owner rerere was added successfully to the team maccabi tel aviv
2020.04.17 21:06:43.213 INFO  SystemLogic.MainSystem - the manager aa was added successfully to the team hapoel tel aviv
2020.04.17 21:06:43.217 INFO  SystemLogic.MainSystem - the manager aa was removed successfully to the team hapoel tel aviv
2020.04.17 21:06:43.217 INFO  SystemLogic.MainSystem - the manager aa was added successfully to the team maccabi tel aviv
2020.04.17 21:06:53.937 INFO  SystemLogic.MainSystem - the manager aa was added successfully to the team hapoel tel aviv
2020.04.17 21:06:53.942 INFO  SystemLogic.MainSystem - the manager aa was removed successfully to the team hapoel tel aviv
2020.04.17 21:06:53.943 INFO  SystemLogic.MainSystem - the manager aa was added successfully to the team maccabi tel aviv
2020.04.17 21:08:56.624 INFO  SystemLogic.MainSystem - the team owner rerere was added successfully to the team hapoel tel aviv
2020.04.17 21:08:56.629 INFO  SystemLogic.MainSystem - the team owner rerere was removed successfully to the team hapoel tel aviv
2020.04.17 21:08:56.630 INFO  SystemLogic.MainSystem - the team owner rerere was added successfully to the team maccabi tel aviv
2020.04.17 21:09:08.721 INFO  SystemLogic.MainSystem - the team owner rerere was added successfully to the team hapoel tel aviv
2020.04.17 21:09:08.725 INFO  SystemLogic.MainSystem - the team owner rerere was removed successfully to the team hapoel tel aviv
2020.04.17 21:13:51.319 INFO  SystemLogic.MainSystem - The player leo messi create personal page
2020.04.18 13:39:01.079 INFO  SystemLogic.MainSystem - The player leo messi create personal page
2020.04.18 13:46:43.696 INFO  SystemLogic.MainSystem - The player leo messi create personal page
2020.04.18 13:48:52.194 INFO  SystemLogic.MainSystem - The player leo messi create personal page
2020.04.18 13:53:30.301 INFO  SystemLogic.MainSystem - ido kesttenbaum follow the team : hapoel tel aviv
2020.04.18 13:56:50.182 INFO  SystemLogic.MainSystem - The player leo messi create personal page
2020.04.18 13:58:56.672 INFO  SystemLogic.MainSystem - The player leo messi create personal page
2020.04.18 14:01:19.558 INFO  SystemLogic.MainSystem - The player leo messi create personal page
2020.04.18 14:01:49.311 INFO  SystemLogic.MainSystem - The player leo messi create personal page
2020.04.18 14:02:59.959 INFO  SystemLogic.MainSystem - The player leo messi create personal page
2020.04.18 14:05:20.412 INFO  SystemLogic.MainSystem - The player leo messi create personal page
2020.04.18 14:05:20.417 INFO  SystemLogic.MainSystem - The coach nir klinger create personal page
2020.04.18 14:05:20.417 INFO  SystemLogic.MainSystem - ido kesttenbaum follow the page of: nir klinger
2020.04.18 15:50:30.466 INFO  SystemLogic.MainSystem - The game between: roma and liverpoolstarted
2020.04.18 15:50:30.470 INFO  SystemLogic.MainSystem - The game between: milan and romastarted
2020.04.18 15:50:30.470 INFO  SystemLogic.MainSystem - The game between: inter and romastarted
2020.04.18 15:50:30.471 INFO  SystemLogic.MainSystem - The game between: inter and barcastarted
2020.04.18 15:50:30.471 INFO  SystemLogic.MainSystem - The game between: barca and milanstarted
2020.04.18 15:50:30.468 INFO  SystemLogic.MainSystem - The game between: man u and man citystarted
2020.04.18 15:50:30.467 INFO  SystemLogic.MainSystem - The game between: juve and romastarted
2020.04.18 15:50:30.467 INFO  SystemLogic.MainSystem - The game between: liverpool and man ustarted
2020.04.18 15:50:30.468 INFO  SystemLogic.MainSystem - The game between: chelsea and juvestarted
2020.04.18 15:50:30.467 INFO  SystemLogic.MainSystem - The game between: roma and chelseastarted
2020.04.18 15:50:30.472 INFO  SystemLogic.MainSystem - The game between: liverpool and juvestarted
2020.04.18 15:50:30.468 INFO  SystemLogic.MainSystem - The game between: milan and barcastarted
2020.04.18 15:50:30.473 INFO  SystemLogic.MainSystem - The game between: milan and liverpoolstarted
2020.04.18 15:50:30.467 INFO  SystemLogic.MainSystem - The game between: man city and barcastarted
2020.04.18 15:50:30.467 INFO  SystemLogic.MainSystem - The game between: juve and interstarted
2020.04.18 15:50:30.473 INFO  SystemLogic.MainSystem - The game between: man city and romastarted
2020.04.18 15:50:30.473 INFO  SystemLogic.MainSystem - The game between: juve and barcastarted
2020.04.18 15:50:30.469 INFO  SystemLogic.MainSystem - The game between: milan and realstarted
2020.04.18 15:50:30.469 INFO  SystemLogic.MainSystem - The game between: inter and milanstarted
2020.04.18 15:50:30.474 INFO  SystemLogic.MainSystem - The game between: real and chelseastarted
2020.04.18 15:50:30.474 INFO  SystemLogic.MainSystem - The game between: real and juvestarted
2020.04.18 15:50:30.474 INFO  SystemLogic.MainSystem - The game between: man u and liverpoolstarted
2020.04.18 15:50:30.474 INFO  SystemLogic.MainSystem - The game between: liverpool and interstarted
2020.04.18 15:50:30.473 INFO  SystemLogic.MainSystem - The game between: real and interstarted
2020.04.18 15:50:30.466 INFO  SystemLogic.MainSystem - The game between: roma and barcastarted
2020.04.18 15:50:30.475 INFO  SystemLogic.MainSystem - The game between: roma and realstarted
2020.04.18 15:50:30.475 INFO  SystemLogic.MainSystem - The game between: juve and milanstarted
2020.04.18 15:50:30.469 INFO  SystemLogic.MainSystem - The game between: man u and milanstarted
2020.04.18 15:50:30.475 INFO  SystemLogic.MainSystem - The game between: man city and milanstarted
2020.04.18 15:50:30.468 INFO  SystemLogic.MainSystem - The game between: juve and man citystarted
2020.04.18 15:50:30.475 INFO  SystemLogic.MainSystem - The game between: inter and realstarted
2020.04.18 15:50:30.475 INFO  SystemLogic.MainSystem - The game between: liverpool and barcastarted
2020.04.18 15:50:30.476 INFO  SystemLogic.MainSystem - The game between: real and man ustarted
2020.04.18 15:50:30.475 INFO  SystemLogic.MainSystem - The game between: roma and man citystarted
2020.04.18 15:50:30.469 INFO  SystemLogic.MainSystem - The game between: man u and barcastarted
2020.04.18 15:50:30.477 INFO  SystemLogic.MainSystem - The game between: milan and chelseastarted
2020.04.18 15:50:30.477 INFO  SystemLogic.MainSystem - The game between: man city and realstarted
2020.04.18 15:50:30.469 INFO  SystemLogic.MainSystem - The game between: real and barcastarted
2020.04.18 15:50:30.478 INFO  SystemLogic.MainSystem - The game between: inter and man citystarted
2020.04.18 15:50:30.478 INFO  SystemLogic.MainSystem - The game between: juve and chelseastarted
2020.04.18 15:50:30.467 INFO  SystemLogic.MainSystem - The game between: juve and liverpoolstarted
2020.04.18 15:50:30.478 INFO  SystemLogic.MainSystem - The game between: chelsea and barcastarted
2020.04.18 15:50:30.478 INFO  SystemLogic.MainSystem - The game between: man u and juvestarted
2020.04.18 15:50:30.478 INFO  SystemLogic.MainSystem - The game between: barca and man ustarted
2020.04.18 15:50:30.467 INFO  SystemLogic.MainSystem - The game between: chelsea and man ustarted
2020.04.18 15:50:30.475 INFO  SystemLogic.MainSystem - The game between: man u and interstarted
2020.04.18 15:50:30.479 INFO  SystemLogic.MainSystem - The game between: liverpool and man citystarted
2020.04.18 15:50:30.479 INFO  SystemLogic.MainSystem - The game between: real and milanstarted
2020.04.18 15:50:30.479 INFO  SystemLogic.MainSystem - The game between: chelsea and liverpoolstarted
2020.04.18 15:50:30.480 INFO  SystemLogic.MainSystem - The game between: roma and man ustarted
2020.04.18 15:50:30.474 INFO  SystemLogic.MainSystem - The game between: chelsea and interstarted
2020.04.18 15:50:30.480 INFO  SystemLogic.MainSystem - The game between: chelsea and man citystarted
2020.04.18 15:50:30.480 INFO  SystemLogic.MainSystem - The game between: barca and romastarted
2020.04.18 15:50:30.480 INFO  SystemLogic.MainSystem - The game between: man city and chelseastarted
2020.04.18 15:50:30.481 INFO  SystemLogic.MainSystem - The game between: real and liverpoolstarted
2020.04.18 15:50:30.481 INFO  SystemLogic.MainSystem - The game between: real and man citystarted
2020.04.18 15:50:30.481 INFO  SystemLogic.MainSystem - The game between: inter and liverpoolstarted
2020.04.18 15:50:30.481 INFO  SystemLogic.MainSystem - The game between: roma and milanstarted
2020.04.18 15:50:30.481 INFO  SystemLogic.MainSystem - The game between: inter and chelseastarted
2020.04.18 15:50:30.481 INFO  SystemLogic.MainSystem - The game between: juve and man ustarted
2020.04.18 15:50:30.482 INFO  SystemLogic.MainSystem - The game between: milan and man citystarted
2020.04.18 15:50:30.482 INFO  SystemLogic.MainSystem - The game between: barca and liverpoolstarted
2020.04.18 15:50:30.482 INFO  SystemLogic.MainSystem - The game between: man u and chelseastarted
2020.04.18 15:50:30.482 INFO  SystemLogic.MainSystem - The game between: roma and interstarted
2020.04.18 15:50:30.483 INFO  SystemLogic.MainSystem - The game between: juve and realstarted
2020.04.18 15:50:30.540 INFO  SystemLogic.MainSystem - The game between: barca and man citystarted
2020.04.18 15:50:30.545 INFO  SystemLogic.MainSystem - The game between: roma and juvestarted
2020.04.18 15:50:30.545 INFO  SystemLogic.MainSystem - The game between: milan and interstarted
2020.04.18 15:50:30.545 INFO  SystemLogic.MainSystem - The game between: liverpool and chelseastarted
2020.04.18 15:50:30.545 INFO  SystemLogic.MainSystem - The game between: man u and realstarted
2020.04.18 15:50:30.601 INFO  SystemLogic.MainSystem - The game between: barca and chelseastarted
2020.04.18 15:50:30.601 INFO  SystemLogic.MainSystem - The game between: man city and interstarted
2020.04.18 15:50:30.602 INFO  SystemLogic.MainSystem - The game between: man u and romastarted
2020.04.18 15:50:30.602 INFO  SystemLogic.MainSystem - The game between: milan and juvestarted
2020.04.18 15:50:30.602 INFO  SystemLogic.MainSystem - The game between: liverpool and realstarted
2020.04.18 15:50:30.662 INFO  SystemLogic.MainSystem - The game between: liverpool and romastarted
2020.04.18 15:50:30.662 INFO  SystemLogic.MainSystem - The game between: man city and juvestarted
2020.04.18 15:50:30.663 INFO  SystemLogic.MainSystem - The game between: chelsea and realstarted
2020.04.18 15:50:30.667 INFO  SystemLogic.MainSystem - The game between: barca and interstarted
2020.04.18 15:50:30.668 INFO  SystemLogic.MainSystem - The game between: milan and man ustarted
2020.04.18 15:50:30.750 INFO  SystemLogic.MainSystem - The game between: man city and man ustarted
2020.04.18 15:50:30.757 INFO  SystemLogic.MainSystem - The game between: liverpool and milanstarted
2020.04.18 15:50:30.768 INFO  SystemLogic.MainSystem - The game between: barca and realstarted
2020.04.18 15:50:30.769 INFO  SystemLogic.MainSystem - The game between: inter and juvestarted
2020.04.18 15:50:30.770 INFO  SystemLogic.MainSystem - The game between: chelsea and romastarted
2020.04.18 15:50:30.787 INFO  SystemLogic.MainSystem - The game between: barca and juvestarted
2020.04.18 15:50:30.788 INFO  SystemLogic.MainSystem - The game between: real and romastarted
2020.04.18 15:50:30.789 INFO  SystemLogic.MainSystem - The game between: inter and man ustarted
2020.04.18 15:50:30.790 INFO  SystemLogic.MainSystem - The game between: chelsea and milanstarted
2020.04.18 15:50:30.790 INFO  SystemLogic.MainSystem - The game between: man city and liverpoolstarted
2020.04.18 15:54:22.759 INFO  SystemLogic.MainSystem - The game between: barca and man city started
2020.04.18 15:54:22.761 INFO  SystemLogic.MainSystem - The game between: inter and roma started
2020.04.18 15:54:22.761 INFO  SystemLogic.MainSystem - The game between: barca and inter started
2020.04.18 15:54:22.759 INFO  SystemLogic.MainSystem - The game between: inter and man city started
2020.04.18 15:54:22.762 INFO  SystemLogic.MainSystem - The game between: man city and man u started
2020.04.18 15:54:22.759 INFO  SystemLogic.MainSystem - The game between: real and barca started
2020.04.18 15:54:22.762 INFO  SystemLogic.MainSystem - The game between: milan and chelsea started
2020.04.18 15:54:22.758 INFO  SystemLogic.MainSystem - The game between: real and chelsea started
2020.04.18 15:54:22.763 INFO  SystemLogic.MainSystem - The game between: milan and inter started
2020.04.18 15:54:22.763 INFO  SystemLogic.MainSystem - The game between: roma and liverpool started
2020.04.18 15:54:22.760 INFO  SystemLogic.MainSystem - The game between: man u and inter started
2020.04.18 15:54:22.763 INFO  SystemLogic.MainSystem - The game between: real and milan started
2020.04.18 15:54:22.759 INFO  SystemLogic.MainSystem - The game between: juve and chelsea started
2020.04.18 15:54:22.760 INFO  SystemLogic.MainSystem - The game between: liverpool and juve started
2020.04.18 15:54:22.760 INFO  SystemLogic.MainSystem - The game between: roma and inter started
2020.04.18 15:54:22.758 INFO  SystemLogic.MainSystem - The game between: roma and man city started
2020.04.18 15:54:22.764 INFO  SystemLogic.MainSystem - The game between: real and juve started
2020.04.18 15:54:22.758 INFO  SystemLogic.MainSystem - The game between: barca and liverpool started
2020.04.18 15:54:22.764 INFO  SystemLogic.MainSystem - The game between: juve and man u started
2020.04.18 15:54:22.759 INFO  SystemLogic.MainSystem - The game between: roma and chelsea started
2020.04.18 15:54:22.765 INFO  SystemLogic.MainSystem - The game between: real and man u started
2020.04.18 15:54:22.765 INFO  SystemLogic.MainSystem - The game between: chelsea and man u started
2020.04.18 15:54:22.764 INFO  SystemLogic.MainSystem - The game between: roma and man u started
2020.04.18 15:54:22.765 INFO  SystemLogic.MainSystem - The game between: liverpool and milan started
2020.04.18 15:54:22.765 INFO  SystemLogic.MainSystem - The game between: liverpool and barca started
2020.04.18 15:54:22.765 INFO  SystemLogic.MainSystem - The game between: inter and real started
2020.04.18 15:54:22.765 INFO  SystemLogic.MainSystem - The game between: chelsea and milan started
2020.04.18 15:54:22.765 INFO  SystemLogic.MainSystem - The game between: barca and roma started
2020.04.18 15:54:22.766 INFO  SystemLogic.MainSystem - The game between: milan and real started
2020.04.18 15:54:22.764 INFO  SystemLogic.MainSystem - The game between: man city and inter started
2020.04.18 15:54:22.766 INFO  SystemLogic.MainSystem - The game between: real and roma started
2020.04.18 15:54:22.766 INFO  SystemLogic.MainSystem - The game between: man u and man city started
2020.04.18 15:54:22.766 INFO  SystemLogic.MainSystem - The game between: liverpool and chelsea started
2020.04.18 15:54:22.766 INFO  SystemLogic.MainSystem - The game between: milan and man city started
2020.04.18 15:54:22.763 INFO  SystemLogic.MainSystem - The game between: barca and real started
2020.04.18 15:54:22.767 INFO  SystemLogic.MainSystem - The game between: liverpool and roma started
2020.04.18 15:54:22.767 INFO  SystemLogic.MainSystem - The game between: roma and real started
2020.04.18 15:54:22.767 INFO  SystemLogic.MainSystem - The game between: inter and juve started
2020.04.18 15:54:22.766 INFO  SystemLogic.MainSystem - The game between: man u and juve started
2020.04.18 15:54:22.767 INFO  SystemLogic.MainSystem - The game between: milan and man u started
2020.04.18 15:54:22.767 INFO  SystemLogic.MainSystem - The game between: chelsea and barca started
2020.04.18 15:54:22.766 INFO  SystemLogic.MainSystem - The game between: juve and real started
2020.04.18 15:54:22.768 INFO  SystemLogic.MainSystem - The game between: inter and chelsea started
2020.04.18 15:54:22.767 INFO  SystemLogic.MainSystem - The game between: milan and roma started
2020.04.18 15:54:22.768 INFO  SystemLogic.MainSystem - The game between: man u and chelsea started
2020.04.18 15:54:22.767 INFO  SystemLogic.MainSystem - The game between: barca and man u started
2020.04.18 15:54:22.768 INFO  SystemLogic.MainSystem - The game between: inter and man u started
2020.04.18 15:54:22.768 INFO  SystemLogic.MainSystem - The game between: chelsea and juve started
2020.04.18 15:54:22.768 INFO  SystemLogic.MainSystem - The game between: liverpool and real started
2020.04.18 15:54:22.768 INFO  SystemLogic.MainSystem - The game between: juve and man city started
2020.04.18 15:54:22.769 INFO  SystemLogic.MainSystem - The game between: man city and roma started
2020.04.18 15:54:22.769 INFO  SystemLogic.MainSystem - The game between: juve and milan started
2020.04.18 15:54:22.769 INFO  SystemLogic.MainSystem - The game between: chelsea and roma started
2020.04.18 15:54:22.769 INFO  SystemLogic.MainSystem - The game between: milan and liverpool started
2020.04.18 15:54:22.770 INFO  SystemLogic.MainSystem - The game between: barca and chelsea started
2020.04.18 15:54:22.769 INFO  SystemLogic.MainSystem - The game between: milan and barca started
2020.04.18 15:54:22.769 INFO  SystemLogic.MainSystem - The game between: milan and juve started
2020.04.18 15:54:22.770 INFO  SystemLogic.MainSystem - The game between: inter and milan started
2020.04.18 15:54:22.770 INFO  SystemLogic.MainSystem - The game between: inter and liverpool started
2020.04.18 15:54:22.770 INFO  SystemLogic.MainSystem - The game between: chelsea and real started
2020.04.18 15:54:22.771 INFO  SystemLogic.MainSystem - The game between: liverpool and inter started
2020.04.18 15:54:22.771 INFO  SystemLogic.MainSystem - The game between: liverpool and man u started
2020.04.18 15:54:22.771 INFO  SystemLogic.MainSystem - The game between: man city and liverpool started
2020.04.18 15:54:22.771 INFO  SystemLogic.MainSystem - The game between: man city and chelsea started
2020.04.18 15:54:22.771 INFO  SystemLogic.MainSystem - The game between: man u and roma started
2020.04.18 15:54:22.771 INFO  SystemLogic.MainSystem - The game between: juve and roma started
2020.04.18 15:54:22.772 INFO  SystemLogic.MainSystem - The game between: barca and juve started
2020.04.18 15:54:22.772 INFO  SystemLogic.MainSystem - The game between: real and man city started
2020.04.18 15:54:22.772 INFO  SystemLogic.MainSystem - The game between: man city and barca started
2020.04.18 15:54:22.772 INFO  SystemLogic.MainSystem - The game between: juve and liverpool started
2020.04.18 15:54:22.772 INFO  SystemLogic.MainSystem - The game between: man u and milan started
2020.04.18 15:54:22.772 INFO  SystemLogic.MainSystem - The game between: inter and barca started
2020.04.18 15:54:22.772 INFO  SystemLogic.MainSystem - The game between: liverpool and man city started
2020.04.18 15:54:22.772 INFO  SystemLogic.MainSystem - The game between: man city and real started
2020.04.18 15:54:22.773 INFO  SystemLogic.MainSystem - The game between: juve and barca started
2020.04.18 15:54:22.812 INFO  SystemLogic.MainSystem - The game between: man u and real started
2020.04.18 15:54:22.814 INFO  SystemLogic.MainSystem - The game between: roma and barca started
2020.04.18 15:54:22.815 INFO  SystemLogic.MainSystem - The game between: chelsea and liverpool started
2020.04.18 15:54:22.817 INFO  SystemLogic.MainSystem - The game between: man city and milan started
2020.04.18 15:54:22.817 INFO  SystemLogic.MainSystem - The game between: juve and inter started
2020.04.18 15:54:22.873 INFO  SystemLogic.MainSystem - The game between: man city and juve started
2020.04.18 15:54:22.873 INFO  SystemLogic.MainSystem - The game between: chelsea and inter started
2020.04.18 15:54:22.874 INFO  SystemLogic.MainSystem - The game between: roma and milan started
2020.04.18 15:54:22.874 INFO  SystemLogic.MainSystem - The game between: real and liverpool started
2020.04.18 15:54:22.874 INFO  SystemLogic.MainSystem - The game between: man u and barca started
2020.04.18 15:54:22.936 INFO  SystemLogic.MainSystem - The game between: man u and liverpool started
2020.04.18 15:54:22.936 INFO  SystemLogic.MainSystem - The game between: real and inter started
2020.04.18 15:54:22.936 INFO  SystemLogic.MainSystem - The game between: chelsea and man city started
2020.04.18 15:54:22.936 INFO  SystemLogic.MainSystem - The game between: barca and milan started
2020.04.18 15:54:22.942 INFO  SystemLogic.MainSystem - The game between: roma and juve started
2020.04.18 16:07:36.476 INFO  SystemLogic.MainSystem - The game between: man city and roma started
2020.04.18 16:07:36.476 INFO  SystemLogic.MainSystem - The game between: barca and juve started
2020.04.18 16:07:36.476 INFO  SystemLogic.MainSystem - The game between: man u and real started
2020.04.18 16:07:36.476 INFO  SystemLogic.MainSystem - The game between: chelsea and liverpool started
2020.04.18 16:07:36.476 INFO  SystemLogic.MainSystem - The game between: milan and inter started
2020.04.18 16:19:02.079 INFO  SystemLogic.MainSystem - The game between: milan and chelsea started
2020.04.18 16:19:02.079 INFO  SystemLogic.MainSystem - The game between: real and juve started
2020.04.18 16:19:02.079 INFO  SystemLogic.MainSystem - The game between: man u and roma started
2020.04.18 16:19:02.079 INFO  SystemLogic.MainSystem - The game between: man city and inter started
2020.04.18 16:19:02.079 INFO  SystemLogic.MainSystem - The game between: liverpool and barca started
2020.04.18 16:20:19.532 INFO  SystemLogic.MainSystem - The game between: man u and juve started
2020.04.18 16:20:19.532 INFO  SystemLogic.MainSystem - The game between: barca and chelsea started
2020.04.18 16:20:19.532 INFO  SystemLogic.MainSystem - The game between: real and man city started
2020.04.18 16:20:19.532 INFO  SystemLogic.MainSystem - The game between: roma and inter started
2020.04.18 16:20:19.532 INFO  SystemLogic.MainSystem - The game between: milan and liverpool started
2020.04.18 16:21:18.584 INFO  SystemLogic.MainSystem - The game between: chelsea and real started
2020.04.18 16:21:18.584 INFO  SystemLogic.MainSystem - The game between: man u and inter started
2020.04.18 16:21:18.584 INFO  SystemLogic.MainSystem - The game between: juve and barca started
2020.04.18 16:21:18.584 INFO  SystemLogic.MainSystem - The game between: roma and man city started
2020.04.18 16:21:18.584 INFO  SystemLogic.MainSystem - The game between: liverpool and milan started
2020.04.18 16:22:29.688 INFO  SystemLogic.MainSystem - The game between: man city and man u started
2020.04.18 16:22:29.688 INFO  SystemLogic.MainSystem - The game between: milan and chelsea started
2020.04.18 16:22:29.688 INFO  SystemLogic.MainSystem - The game between: roma and real started
2020.04.18 16:22:29.688 INFO  SystemLogic.MainSystem - The game between: barca and juve started
2020.04.18 16:22:29.688 INFO  SystemLogic.MainSystem - The game between: liverpool and inter started
2020.04.18 16:26:13.920 INFO  SystemLogic.MainSystem - The game between: milan and man u started
2020.04.18 16:26:13.920 INFO  SystemLogic.MainSystem - The game between: barca and man city started
2020.04.18 16:26:13.920 INFO  SystemLogic.MainSystem - The game between: real and juve started
2020.04.18 16:26:13.920 INFO  SystemLogic.MainSystem - The game between: roma and liverpool started
2020.04.18 16:26:13.920 INFO  SystemLogic.MainSystem - The game between: chelsea and inter started
2020.04.18 16:26:51.904 INFO  SystemLogic.MainSystem - The game between: roma and man u started
2020.04.18 16:26:51.904 INFO  SystemLogic.MainSystem - The game between: inter and man city started
2020.04.18 16:26:51.904 INFO  SystemLogic.MainSystem - The game between: chelsea and juve started
2020.04.18 16:26:51.904 INFO  SystemLogic.MainSystem - The game between: real and liverpool started
2020.04.18 16:26:51.904 INFO  SystemLogic.MainSystem - The game between: barca and milan started
2020.04.18 16:27:47.046 INFO  SystemLogic.MainSystem - The game between: inter and milan started
2020.04.18 16:27:47.046 INFO  SystemLogic.MainSystem - The game between: real and roma started
2020.04.18 16:27:47.046 INFO  SystemLogic.MainSystem - The game between: man city and man u started
2020.04.18 16:27:47.046 INFO  SystemLogic.MainSystem - The game between: barca and chelsea started
2020.04.18 16:27:47.046 INFO  SystemLogic.MainSystem - The game between: juve and liverpool started
2020.04.18 16:29:41.409 INFO  SystemLogic.MainSystem - The game between: chelsea and milan started
2020.04.18 16:29:41.408 INFO  SystemLogic.MainSystem - The game between: juve and roma started
2020.04.18 16:29:41.409 INFO  SystemLogic.MainSystem - The game between: liverpool and man u started
2020.04.18 16:29:41.408 INFO  SystemLogic.MainSystem - The game between: real and man city started
2020.04.18 16:29:41.408 INFO  SystemLogic.MainSystem - The game between: barca and inter started
2020.04.18 16:30:45.943 INFO  SystemLogic.MainSystem - The game between: inter and chelsea started
2020.04.18 16:30:45.942 INFO  SystemLogic.MainSystem - The game between: juve and man u started
2020.04.18 16:30:45.943 INFO  SystemLogic.MainSystem - The game between: barca and real started
2020.04.18 16:30:45.942 INFO  SystemLogic.MainSystem - The game between: man city and liverpool started
2020.04.18 16:30:45.942 INFO  SystemLogic.MainSystem - The game between: roma and milan started
2020.04.18 16:30:48.515 INFO  SystemLogic.MainSystem - The game between: man city and liverpoolended
2020.04.18 16:30:48.515 INFO  SystemLogic.MainSystem - The game between: roma and milanended
2020.04.18 16:30:48.516 INFO  SystemLogic.MainSystem - The game between: barca and realended
2020.04.18 16:30:48.516 INFO  SystemLogic.MainSystem - The game between: inter and chelseaended
2020.04.18 16:30:48.516 INFO  SystemLogic.MainSystem - The game between: juve and man uended
2020.04.18 16:32:01.988 INFO  SystemLogic.MainSystem - The game between: man u and liverpool started
2020.04.18 16:32:01.988 INFO  SystemLogic.MainSystem - The game between: barca and inter started
2020.04.18 16:32:01.989 INFO  SystemLogic.MainSystem - The game between: chelsea and roma started
2020.04.18 16:32:01.989 INFO  SystemLogic.MainSystem - The game between: milan and man city started
2020.04.18 16:32:01.988 INFO  SystemLogic.MainSystem - The game between: juve and real started
2020.04.18 16:32:04.554 INFO  SystemLogic.MainSystem - The game between: man u and liverpoolis close
2020.04.18 16:32:04.554 INFO  SystemLogic.MainSystem - The game between: milan and man cityis close
2020.04.18 16:32:04.554 INFO  SystemLogic.MainSystem - The game between: man u and liverpoolended
2020.04.18 16:32:04.554 INFO  SystemLogic.MainSystem - The game between: milan and man cityended
2020.04.18 16:32:04.555 INFO  SystemLogic.MainSystem - The game between: barca and interis close
2020.04.18 16:32:04.555 INFO  SystemLogic.MainSystem - The game between: juve and realis close
2020.04.18 16:32:04.555 INFO  SystemLogic.MainSystem - The game between: chelsea and romais close
2020.04.18 16:32:04.555 INFO  SystemLogic.MainSystem - The game between: juve and realended
2020.04.18 16:32:04.555 INFO  SystemLogic.MainSystem - The game between: chelsea and romaended
2020.04.18 16:32:04.555 INFO  SystemLogic.MainSystem - The game between: barca and interended
2020.04.18 16:33:03.592 INFO  SystemLogic.MainSystem - The game between: chelsea and man u started
2020.04.18 16:33:03.592 INFO  SystemLogic.MainSystem - The game between: juve and real started
2020.04.18 16:33:03.592 INFO  SystemLogic.MainSystem - The game between: barca and man city started
2020.04.18 16:33:03.592 INFO  SystemLogic.MainSystem - The game between: roma and inter started
2020.04.18 16:33:03.592 INFO  SystemLogic.MainSystem - The game between: milan and liverpool started
2020.04.18 16:33:06.141 INFO  SystemLogic.MainSystem - The game between: milan and liverpoolended
2020.04.18 16:33:06.142 INFO  SystemLogic.MainSystem - The game between: chelsea and man uis close
2020.04.18 16:33:06.142 INFO  SystemLogic.MainSystem - The game between: juve and realis close
2020.04.18 16:33:06.142 INFO  SystemLogic.MainSystem - The game between: roma and interis close
2020.04.18 16:33:06.142 INFO  SystemLogic.MainSystem - The game between: chelsea and man uended
2020.04.18 16:33:06.142 INFO  SystemLogic.MainSystem - The game between: juve and realended
2020.04.18 16:33:06.142 INFO  SystemLogic.MainSystem - The game between: roma and interended
2020.04.18 16:33:06.143 INFO  SystemLogic.MainSystem - The game between: milan and liverpoolis close
2020.04.18 16:33:06.143 INFO  SystemLogic.MainSystem - The game between: barca and man cityis close
2020.04.18 16:33:06.143 INFO  SystemLogic.MainSystem - The game between: barca and man cityended
2020.04.18 16:36:22.518 INFO  SystemLogic.MainSystem - The game between: chelsea and liverpool started
2020.04.18 16:36:22.518 INFO  SystemLogic.MainSystem - The game between: man u and barca started
2020.04.18 16:36:22.518 INFO  SystemLogic.MainSystem - The game between: roma and man city started
2020.04.18 16:36:22.518 INFO  SystemLogic.MainSystem - The game between: milan and real started
2020.04.18 16:36:22.518 INFO  SystemLogic.MainSystem - The game between: juve and inter started
2020.04.18 16:36:25.089 INFO  SystemLogic.MainSystem - The game between: juve and inter ended. the score: 3-2
2020.04.18 16:36:25.090 INFO  SystemLogic.MainSystem - The game between: juve and inter is close
2020.04.18 16:36:25.094 INFO  SystemLogic.MainSystem - The game between: chelsea and liverpool is close
2020.04.18 16:36:25.094 INFO  SystemLogic.MainSystem - The game between: chelsea and liverpool ended. the score: 3-2
2020.04.18 16:36:25.095 INFO  SystemLogic.MainSystem - The game between: roma and man city is close
2020.04.18 16:36:25.095 INFO  SystemLogic.MainSystem - The game between: milan and real is close
2020.04.18 16:36:25.095 INFO  SystemLogic.MainSystem - The game between: milan and real ended. the score: 3-2
2020.04.18 16:36:25.095 INFO  SystemLogic.MainSystem - The game between: roma and man city ended. the score: 3-2
2020.04.18 16:36:25.096 INFO  SystemLogic.MainSystem - The game between: man u and barca is close
2020.04.18 16:36:25.096 INFO  SystemLogic.MainSystem - The game between: man u and barca ended. the score: 3-2
2020.04.18 18:10:49.015 INFO  SystemLogic.MainSystem - The game between: liverpool and barca started
2020.04.18 18:10:49.016 INFO  SystemLogic.MainSystem - The game between: man u and roma started
2020.04.18 18:10:49.015 INFO  SystemLogic.MainSystem - The game between: real and inter started
2020.04.18 18:10:49.016 INFO  SystemLogic.MainSystem - The game between: milan and juve started
2020.04.18 18:10:49.015 INFO  SystemLogic.MainSystem - The game between: chelsea and man city started
2020.04.18 18:10:51.583 INFO  SystemLogic.MainSystem - The game between: milan and juve ended. the score: 3-2
2020.04.18 18:10:51.583 INFO  SystemLogic.MainSystem - The game between: man u and roma ended. the score: 3-2
2020.04.18 18:10:51.584 INFO  SystemLogic.MainSystem - The game between: liverpool and barca ended. the score: 3-2
2020.04.18 18:10:51.584 INFO  SystemLogic.MainSystem - The game between: real and inter ended. the score: 3-2
2020.04.18 18:10:51.584 INFO  SystemLogic.MainSystem - The game between: chelsea and man city ended. the score: 3-2
2020.04.18 18:10:54.584 INFO  SystemLogic.MainSystem - The game between: man u and roma is close
2020.04.18 18:10:54.584 INFO  SystemLogic.MainSystem - The game between: milan and juve is close
2020.04.18 18:10:54.585 INFO  SystemLogic.MainSystem - The game between: chelsea and man city is close
2020.04.18 18:10:54.585 INFO  SystemLogic.MainSystem - The game between: real and inter is close
2020.04.18 18:10:54.585 INFO  SystemLogic.MainSystem - The game between: liverpool and barca is close
2020.04.18 18:13:43.892 INFO  SystemLogic.MainSystem - The game between: juve and milan started
2020.04.18 18:13:43.892 INFO  SystemLogic.MainSystem - The game between: roma and chelsea started
2020.04.18 18:13:43.892 INFO  SystemLogic.MainSystem - The game between: man city and liverpool started
2020.04.18 18:13:43.892 INFO  SystemLogic.MainSystem - The game between: man u and real started
2020.04.18 18:13:43.892 INFO  SystemLogic.MainSystem - The game between: barca and inter started
2020.04.18 18:13:46.466 INFO  SystemLogic.MainSystem - The game between: juve and milan ended. the score: 3-2
2020.04.18 18:13:46.465 INFO  SystemLogic.MainSystem - The game between: barca and inter ended. the score: 3-2
2020.04.18 18:13:46.465 INFO  SystemLogic.MainSystem - The game between: man u and real ended. the score: 3-2
2020.04.18 18:13:46.466 INFO  SystemLogic.MainSystem - The game between: roma and chelsea ended. the score: 3-2
2020.04.18 18:13:46.467 INFO  SystemLogic.MainSystem - The game between: man city and liverpool ended. the score: 3-2
2020.04.18 18:13:49.464 INFO  SystemLogic.MainSystem - The game between: man u and real is close
2020.04.18 18:13:49.464 INFO  SystemLogic.MainSystem - The game between: barca and inter is close
2020.04.18 18:13:49.465 INFO  SystemLogic.MainSystem - The game between: man city and liverpool is close
2020.04.18 18:13:49.465 INFO  SystemLogic.MainSystem - The game between: roma and chelsea is close
2020.04.18 18:13:49.465 INFO  SystemLogic.MainSystem - The game between: juve and milan is close
2020.04.18 18:14:47.870 INFO  SystemLogic.MainSystem - The game between: man city and chelsea started
2020.04.18 18:14:47.871 INFO  SystemLogic.MainSystem - The game between: liverpool and roma started
2020.04.18 18:14:47.870 INFO  SystemLogic.MainSystem - The game between: inter and milan started
2020.04.18 18:14:47.871 INFO  SystemLogic.MainSystem - The game between: man u and real started
2020.04.18 18:14:47.870 INFO  SystemLogic.MainSystem - The game between: barca and juve started
2020.04.18 18:16:10.525 INFO  SystemLogic.MainSystem - The game between: man u and chelsea started
2020.04.18 18:16:10.525 INFO  SystemLogic.MainSystem - The game between: inter and milan started
2020.04.18 18:16:10.525 INFO  SystemLogic.MainSystem - The game between: roma and man city started
2020.04.18 18:16:10.525 INFO  SystemLogic.MainSystem - The game between: liverpool and barca started
2020.04.18 18:16:10.525 INFO  SystemLogic.MainSystem - The game between: real and juve started
